[0312/215102.772:ERROR:settings.cc(320)] Settings magic is not 1129342067
[0312/235223.825:ERROR:process_memory_win.cc(73)] ReadMemory at 0x7ff7dc220000 of 64 bytes failed: Somente uma parte de um pedido ReadProcessMemory ou WriteProcessMemory foi concluída. (0x12B)
[0312/235224.196:WARNING:pe_image_reader.cc(340)] could not read dos header from C:\Program Files (x86)\Google\Chrome\Application\chrome.exe
[0312/235224.196:ERROR:process_memory_win.cc(73)] ReadMemory at 0x7ffaee910000 of 64 bytes failed: Somente uma parte de um pedido ReadProcessMemory ou WriteProcessMemory foi concluída. (0x12B)
[0312/235224.197:WARNING:pe_image_reader.cc(340)] could not read dos header from C:\Windows\SYSTEM32\ntdll.dll
[0312/235224.197:ERROR:process_memory_win.cc(73)] ReadMemory at 0x7ffaec250000 of 64 bytes failed: Somente uma parte de um pedido ReadProcessMemory ou WriteProcessMemory foi concluída. (0x12B)
[0312/235224.198:WARNING:pe_image_reader.cc(340)] could not read dos header from C:\Windows\system32\KERNEL32.dll
[0312/235224.198:ERROR:process_memory_win.cc(73)] ReadMemory at 0x7ffaebb30000 of 64 bytes failed: Somente uma parte de um pedido ReadProcessMemory ou WriteProcessMemory foi concluída. (0x12B)
[0312/235224.198:WARNING:pe_image_reader.cc(340)] could not read dos header from C:\Windows\system32\KERNELBASE.dll
[0312/235224.199:ERROR:process_memory_win.cc(73)] ReadMemory at 0x7ffacd760000 of 64 bytes failed: Somente uma parte de um pedido ReadProcessMemory ou WriteProcessMemory foi concluída. (0x12B)
[0312/235224.199:WARNING:pe_image_reader.cc(340)] could not read dos header from C:\Program Files (x86)\Google\Chrome\Application\80.0.3987.132\chrome_elf.dll
[0312/235224.199:ERROR:process_memory_win.cc(73)] ReadMemory at 0x7ffae4f00000 of 64 bytes failed: Somente uma parte de um pedido ReadProcessMemory ou WriteProcessMemory foi concluída. (0x12B)
[0312/235224.200:WARNING:pe_image_reader.cc(340)] could not read dos header from C:\Windows\SYSTEM32\VERSION.dll
[0312/235224.200:ERROR:process_memory_win.cc(73)] ReadMemory at 0x7ffaee770000 of 64 bytes failed: Somente uma parte de um pedido ReadProcessMemory ou WriteProcessMemory foi concluída. (0x12B)
[0312/235224.200:WARNING:pe_image_reader.cc(340)] could not read dos header from C:\Windows\system32\msvcrt.dll
[0312/235224.200:ERROR:process_memory_win.cc(73)] ReadMemory at 0x7ffacd610000 of 64 bytes failed: Somente uma parte de um pedido ReadProcessMemory ou WriteProcessMemory foi concluída. (0x12B)
[0312/235224.201:WARNING:pe_image_reader.cc(340)] could not read dos header from C:\Program Files\Diebold\Warsaw\wslbdhm64.dll
[0312/235224.201:ERROR:process_memory_win.cc(73)] ReadMemory at 0x7ffaec1f0000 of 64 bytes failed: Somente uma parte de um pedido ReadProcessMemory ou WriteProcessMemory foi concluída. (0x12B)
[0312/235224.201:WARNING:pe_image_reader.cc(340)] could not read dos header from C:\Windows\system32\WS2_32.dll
[0312/235224.202:ERROR:process_memory_win.cc(73)] ReadMemory at 0x7ffaec4f0000 of 64 bytes failed: Somente uma parte de um pedido ReadProcessMemory ou WriteProcessMemory foi concluída. (0x12B)
[0312/235224.202:WARNING:pe_image_reader.cc(340)] could not read dos header from C:\Windows\system32\ADVAPI32.dll
[0312/235224.202:ERROR:process_memory_win.cc(73)] ReadMemory at 0x7ffaec6d0000 of 64 bytes failed: Somente uma parte de um pedido ReadProcessMemory ou WriteProcessMemory foi concluída. (0x12B)
[0312/235224.202:WARNING:pe_image_reader.cc(340)] could not read dos header from C:\Windows\system32\USER32.dll
[0312/235224.203:ERROR:process_memory_win.cc(73)] ReadMemory at 0xbbd2d10000 of 64 bytes failed: Somente uma parte de um pedido ReadProcessMemory ou WriteProcessMemory foi concluída. (0x12B)
[0312/235224.203:WARNING:pe_image_reader.cc(340)] could not read dos header from C:\Windows\system32\NSI.dll
[0312/235224.204:ERROR:process_memory_win.cc(73)] ReadMemory at 0x7ffaee620000 of 64 bytes failed: Somente uma parte de um pedido ReadProcessMemory ou WriteProcessMemory foi concluída. (0x12B)
[0312/235224.204:WARNING:pe_image_reader.cc(340)] could not read dos header from C:\Windows\system32\RPCRT4.dll
[0312/235224.205:ERROR:process_memory_win.cc(73)] ReadMemory at 0x7ffaee8b0000 of 64 bytes failed: Somente uma parte de um pedido ReadProcessMemory ou WriteProcessMemory foi concluída. (0x12B)
[0312/235224.205:WARNING:pe_image_reader.cc(340)] could not read dos header from C:\Windows\SYSTEM32\sechost.dll
[0312/235224.205:ERROR:process_memory_win.cc(73)] ReadMemory at 0x7ffaeca20000 of 64 bytes failed: Somente uma parte de um pedido ReadProcessMemory ou WriteProcessMemory foi concluída. (0x12B)
[0312/235224.206:WARNING:pe_image_reader.cc(340)] could not read dos header from C:\Windows\system32\GDI32.dll
[0312/235224.206:ERROR:process_memory_win.cc(73)] ReadMemory at 0x7ffaebf90000 of 64 bytes failed: Somente uma parte de um pedido ReadProcessMemory ou WriteProcessMemory foi concluída. (0x12B)
[0312/235224.206:WARNING:pe_image_reader.cc(340)] could not read dos header from C:\Windows\system32\IMM32.DLL
[0312/235224.207:ERROR:process_memory_win.cc(73)] ReadMemory at 0xbbd2ef0000 of 64 bytes failed: Somente uma parte de um pedido ReadProcessMemory ou WriteProcessMemory foi concluída. (0x12B)
[0312/235224.207:WARNING:pe_image_reader.cc(340)] could not read dos header from C:\Windows\system32\MSCTF.dll
[0312/235224.207:ERROR:process_memory_win.cc(73)] ReadMemory at 0x7ffae6180000 of 64 bytes failed: Somente uma parte de um pedido ReadProcessMemory ou WriteProcessMemory foi concluída. (0x12B)
[0312/235224.207:WARNING:pe_image_reader.cc(340)] could not read dos header from C:\Windows\SYSTEM32\ntmarta.dll
[0312/235224.208:ERROR:process_memory_win.cc(73)] ReadMemory at 0x7ffacd6d0000 of 64 bytes failed: Somente uma parte de um pedido ReadProcessMemory ou WriteProcessMemory foi concluída. (0x12B)
[0312/235224.208:WARNING:pe_image_reader.cc(340)] could not read dos header from C:\Program Files\Diebold\Warsaw\wslbhte64.dll
[0312/235224.208:ERROR:process_memory_win.cc(73)] ReadMemory at 0x7ffaebd60000 of 64 bytes failed: Somente uma parte de um pedido ReadProcessMemory ou WriteProcessMemory foi concluída. (0x12B)
[0312/235224.208:WARNING:pe_image_reader.cc(340)] could not read dos header from C:\Windows\system32\CRYPT32.dll
[0312/235224.209:ERROR:process_memory_win.cc(73)] ReadMemory at 0x7ffaebb10000 of 64 bytes failed: Somente uma parte de um pedido ReadProcessMemory ou WriteProcessMemory foi concluída. (0x12B)
[0312/235224.209:WARNING:pe_image_reader.cc(340)] could not read dos header from C:\Windows\system32\MSASN1.dll
[0312/235224.209:ERROR:process_memory_win.cc(73)] ReadMemory at 0x7ffab5cd0000 of 64 bytes failed: Somente uma parte de um pedido ReadProcessMemory ou WriteProcessMemory foi concluída. (0x12B)
[0312/235224.210:WARNING:pe_image_reader.cc(340)] could not read dos header from C:\Program Files (x86)\Google\Chrome\Application\80.0.3987.132\chrome.dll
[0312/235224.210:ERROR:process_memory_win.cc(73)] ReadMemory at 0x7ffae6d70000 of 64 bytes failed: Somente uma parte de um pedido ReadProcessMemory ou WriteProcessMemory foi concluída. (0x12B)
[0312/235224.210:WARNING:pe_image_reader.cc(340)] could not read dos header from C:\Windows\SYSTEM32\IPHLPAPI.DLL
[0312/235224.210:ERROR:process_memory_win.cc(73)] ReadMemory at 0x7ffaec600000 of 64 bytes failed: Somente uma parte de um pedido ReadProcessMemory ou WriteProcessMemory foi concluída. (0x12B)
[0312/235224.211:WARNING:pe_image_reader.cc(340)] could not read dos header from C:\Windows\system32\OLEAUT32.dll
[0312/235224.211:ERROR:process_memory_win.cc(73)] ReadMemory at 0x7ffad3470000 of 64 bytes failed: Somente uma parte de um pedido ReadProcessMemory ou WriteProcessMemory foi concluída. (0x12B)
[0312/235224.211:WARNING:pe_image_reader.cc(340)] could not read dos header from C:\Windows\SYSTEM32\WINMM.dll
[0312/235224.211:ERROR:process_memory_win.cc(73)] ReadMemory at 0x7ffaded60000 of 64 bytes failed: Somente uma parte de um pedido ReadProcessMemory ou WriteProcessMemory foi concluída. (0x12B)
[0312/235224.212:WARNING:pe_image_reader.cc(340)] could not read dos header from C:\Windows\SYSTEM32\Secur32.dll
[0312/235224.212:ERROR:process_memory_win.cc(73)] ReadMemory at 0x7ffaeb080000 of 64 bytes failed: Somente uma parte de um pedido ReadProcessMemory ou WriteProcessMemory foi concluída. (0x12B)
[0312/235224.212:WARNING:pe_image_reader.cc(340)] could not read dos header from C:\Windows\SYSTEM32\USERENV.dll
[0312/235224.213:ERROR:process_memory_win.cc(73)] ReadMemory at 0xbbd31f0000 of 64 bytes failed: Somente uma parte de um pedido ReadProcessMemory ou WriteProcessMemory foi concluída. (0x12B)
[0312/235224.213:WARNING:pe_image_reader.cc(340)] could not read dos header from C:\Windows\system32\WINTRUST.dll
[0312/235224.213:ERROR:process_memory_win.cc(73)] ReadMemory at 0x7ffae29c0000 of 64 bytes failed: Somente uma parte de um pedido ReadProcessMemory ou WriteProcessMemory foi concluída. (0x12B)
[0312/235224.214:WARNING:pe_image_reader.cc(340)] could not read dos header from C:\Windows\SYSTEM32\UIAutomationCore.DLL
[0312/235224.214:ERROR:process_memory_win.cc(73)] ReadMemory at 0x7ffae7b20000 of 64 bytes failed: Somente uma parte de um pedido ReadProcessMemory ou WriteProcessMemory foi concluída. (0x12B)
[0312/235224.214:WARNING:pe_image_reader.cc(340)] could not read dos header from C:\Windows\SYSTEM32\DWrite.dll
[0312/235224.214:ERROR:process_memory_win.cc(73)] ReadMemory at 0x7ffad33e0000 of 64 bytes failed: Somente uma parte de um pedido ReadProcessMemory ou WriteProcessMemory foi concluída. (0x12B)
[0312/235224.215:WARNING:pe_image_reader.cc(340)] could not read dos header from C:\Windows\SYSTEM32\WINSPOOL.DRV
[0312/235224.215:ERROR:process_memory_win.cc(73)] ReadMemory at 0x7ffae4810000 of 64 bytes failed: Somente uma parte de um pedido ReadProcessMemory ou WriteProcessMemory foi concluída. (0x12B)
[0312/235224.215:WARNING:pe_image_reader.cc(340)] could not read dos header from C:\Windows\SYSTEM32\dbghelp.dll
[0312/235224.216:ERROR:process_memory_win.cc(73)] ReadMemory at 0x7ffae5010000 of 64 bytes failed: Somente uma parte de um pedido ReadProcessMemory ou WriteProcessMemory foi concluída. (0x12B)
[0312/235224.216:WARNING:pe_image_reader.cc(340)] could not read dos header from C:\Windows\SYSTEM32\WINHTTP.dll
[0312/235224.217:ERROR:process_memory_win.cc(73)] ReadMemory at 0x7ffae6970000 of 64 bytes failed: Somente uma parte de um pedido ReadProcessMemory ou WriteProcessMemory foi concluída. (0x12B)
[0312/235224.217:WARNING:pe_image_reader.cc(340)] could not read dos header from C:\Windows\SYSTEM32\dhcpcsvc.DLL
[0312/235224.218:ERROR:process_memory_win.cc(73)] ReadMemory at 0x7ffae6d50000 of 64 bytes failed: Somente uma parte de um pedido ReadProcessMemory ou WriteProcessMemory foi concluída. (0x12B)
[0312/235224.218:WARNING:pe_image_reader.cc(340)] could not read dos header from C:\Windows\SYSTEM32\WINNSI.DLL
[0312/235224.218:ERROR:process_memory_win.cc(73)] ReadMemory at 0x7ffaebfd0000 of 64 bytes failed: Somente uma parte de um pedido ReadProcessMemory ou WriteProcessMemory foi concluída. (0x12B)
[0312/235224.218:WARNING:pe_image_reader.cc(340)] could not read dos header from C:\Windows\system32\combase.dll
[0312/235224.219:ERROR:process_memory_win.cc(73)] ReadMemory at 0x7ffad33b0000 of 64 bytes failed: Somente uma parte de um pedido ReadProcessMemory ou WriteProcessMemory foi concluída. (0x12B)
[0312/235224.219:WARNING:pe_image_reader.cc(340)] could not read dos header from C:\Windows\SYSTEM32\WINMMBASE.dll
[0312/235224.219:ERROR:process_memory_win.cc(73)] ReadMemory at 0x7ffaeba60000 of 64 bytes failed: Somente uma parte de um pedido ReadProcessMemory ou WriteProcessMemory foi concluída. (0x12B)
[0312/235224.219:WARNING:pe_image_reader.cc(340)] could not read dos header from C:\Windows\SYSTEM32\profapi.dll
[0312/235224.220:ERROR:process_memory_win.cc(73)] ReadMemory at 0x7ffaebf40000 of 64 bytes failed: Somente uma parte de um pedido ReadProcessMemory ou WriteProcessMemory foi concluída. (0x12B)
[0312/235224.220:WARNING:pe_image_reader.cc(340)] could not read dos header from C:\Windows\SYSTEM32\cfgmgr32.dll
[0312/235224.220:ERROR:process_memory_win.cc(73)] ReadMemory at 0x7ffaea860000 of 64 bytes failed: Somente uma parte de um pedido ReadProcessMemory ou WriteProcessMemory foi concluída. (0x12B)
[0312/235224.221:WARNING:pe_image_reader.cc(340)] could not read dos header from C:\Windows\SYSTEM32\DEVOBJ.dll
[0312/235224.221:ERROR:process_memory_win.cc(73)] ReadMemory at 0x7ffaeb900000 of 64 bytes failed: Somente uma parte de um pedido ReadProcessMemory ou WriteProcessMemory foi concluída. (0x12B)
[0312/235224.221:WARNING:pe_image_reader.cc(340)] could not read dos header from C:\Windows\SYSTEM32\SSPICLI.DLL
[0312/235224.221:ERROR:process_memory_win.cc(73)] ReadMemory at 0x7ffaec860000 of 64 bytes failed: Somente uma parte de um pedido ReadProcessMemory ou WriteProcessMemory foi concluída. (0x12B)
[0312/235224.222:WARNING:pe_image_reader.cc(340)] could not read dos header from C:\Windows\system32\ole32.dll
[0312/235224.222:ERROR:process_memory_win.cc(73)] ReadMemory at 0x7ffaeb9a0000 of 64 bytes failed: Somente uma parte de um pedido ReadProcessMemory ou WriteProcessMemory foi concluída. (0x12B)
[0312/235224.222:WARNING:pe_image_reader.cc(340)] could not read dos header from C:\Windows\SYSTEM32\CRYPTBASE.DLL
[0312/235224.222:ERROR:process_memory_win.cc(73)] ReadMemory at 0x7ffaeb930000 of 64 bytes failed: Somente uma parte de um pedido ReadProcessMemory ou WriteProcessMemory foi concluída. (0x12B)
[0312/235224.223:WARNING:pe_image_reader.cc(340)] could not read dos header from C:\Windows\SYSTEM32\bcryptPrimitives.dll
[0312/235224.223:ERROR:process_memory_win.cc(73)] ReadMemory at 0x7ff7dc220000 of 64 bytes failed: Somente uma parte de um pedido ReadProcessMemory ou WriteProcessMemory foi concluída. (0x12B)
[0312/235224.223:WARNING:pe_image_reader.cc(340)] could not read dos header from C:\Program Files (x86)\Google\Chrome\Application\chrome.exe
[0312/235224.224:ERROR:process_memory_win.cc(73)] ReadMemory at 0x7ffaee910000 of 64 bytes failed: Somente uma parte de um pedido ReadProcessMemory ou WriteProcessMemory foi concluída. (0x12B)
[0312/235224.224:WARNING:pe_image_reader.cc(340)] could not read dos header from C:\Windows\SYSTEM32\ntdll.dll
[0312/235224.224:ERROR:process_memory_win.cc(73)] ReadMemory at 0x7ffaec250000 of 64 bytes failed: Somente uma parte de um pedido ReadProcessMemory ou WriteProcessMemory foi concluída. (0x12B)
[0312/235224.224:WARNING:pe_image_reader.cc(340)] could not read dos header from C:\Windows\system32\KERNEL32.dll
[0312/235224.225:ERROR:process_memory_win.cc(73)] ReadMemory at 0x7ffaebb30000 of 64 bytes failed: Somente uma parte de um pedido ReadProcessMemory ou WriteProcessMemory foi concluída. (0x12B)
[0312/235224.225:WARNING:pe_image_reader.cc(340)] could not read dos header from C:\Windows\system32\KERNELBASE.dll
[0312/235224.225:ERROR:process_memory_win.cc(73)] ReadMemory at 0x7ffacd760000 of 64 bytes failed: Somente uma parte de um pedido ReadProcessMemory ou WriteProcessMemory foi concluída. (0x12B)
[0312/235224.225:WARNING:pe_image_reader.cc(340)] could not read dos header from C:\Program Files (x86)\Google\Chrome\Application\80.0.3987.132\chrome_elf.dll
[0312/235224.226:ERROR:process_memory_win.cc(73)] ReadMemory at 0x7ffae4f00000 of 64 bytes failed: Somente uma parte de um pedido ReadProcessMemory ou WriteProcessMemory foi concluída. (0x12B)
[0312/235224.226:WARNING:pe_image_reader.cc(340)] could not read dos header from C:\Windows\SYSTEM32\VERSION.dll
[0312/235224.226:ERROR:process_memory_win.cc(73)] ReadMemory at 0x7ffaee770000 of 64 bytes failed: Somente uma parte de um pedido ReadProcessMemory ou WriteProcessMemory foi concluída. (0x12B)
[0312/235224.226:WARNING:pe_image_reader.cc(340)] could not read dos header from C:\Windows\system32\msvcrt.dll
[0312/235224.227:ERROR:process_memory_win.cc(73)] ReadMemory at 0x7ffacd610000 of 64 bytes failed: Somente uma parte de um pedido ReadProcessMemory ou WriteProcessMemory foi concluída. (0x12B)
[0312/235224.227:WARNING:pe_image_reader.cc(340)] could not read dos header from C:\Program Files\Diebold\Warsaw\wslbdhm64.dll
[0312/235224.227:ERROR:process_memory_win.cc(73)] ReadMemory at 0x7ffaec1f0000 of 64 bytes failed: Somente uma parte de um pedido ReadProcessMemory ou WriteProcessMemory foi concluída. (0x12B)
[0312/235224.228:WARNING:pe_image_reader.cc(340)] could not read dos header from C:\Windows\system32\WS2_32.dll
[0312/235224.228:ERROR:process_memory_win.cc(73)] ReadMemory at 0x7ffaec4f0000 of 64 bytes failed: Somente uma parte de um pedido ReadProcessMemory ou WriteProcessMemory foi concluída. (0x12B)
[0312/235224.228:WARNING:pe_image_reader.cc(340)] could not read dos header from C:\Windows\system32\ADVAPI32.dll
[0312/235224.229:ERROR:process_memory_win.cc(73)] ReadMemory at 0x7ffaec6d0000 of 64 bytes failed: Somente uma parte de um pedido ReadProcessMemory ou WriteProcessMemory foi concluída. (0x12B)
[0312/235224.229:WARNING:pe_image_reader.cc(340)] could not read dos header from C:\Windows\system32\USER32.dll
[0312/235224.229:ERROR:process_memory_win.cc(73)] ReadMemory at 0xbbd2d10000 of 64 bytes failed: Somente uma parte de um pedido ReadProcessMemory ou WriteProcessMemory foi concluída. (0x12B)
[0312/235224.229:WARNING:pe_image_reader.cc(340)] could not read dos header from C:\Windows\system32\NSI.dll
[0312/235224.230:ERROR:process_memory_win.cc(73)] ReadMemory at 0x7ffaee620000 of 64 bytes failed: Somente uma parte de um pedido ReadProcessMemory ou WriteProcessMemory foi concluída. (0x12B)
[0312/235224.230:WARNING:pe_image_reader.cc(340)] could not read dos header from C:\Windows\system32\RPCRT4.dll
[0312/235224.230:ERROR:process_memory_win.cc(73)] ReadMemory at 0x7ffaee8b0000 of 64 bytes failed: Somente uma parte de um pedido ReadProcessMemory ou WriteProcessMemory foi concluída. (0x12B)
[0312/235224.231:WARNING:pe_image_reader.cc(340)] could not read dos header from C:\Windows\SYSTEM32\sechost.dll
[0312/235224.231:ERROR:process_memory_win.cc(73)] ReadMemory at 0x7ffaeca20000 of 64 bytes failed: Somente uma parte de um pedido ReadProcessMemory ou WriteProcessMemory foi concluída. (0x12B)
[0312/235224.231:WARNING:pe_image_reader.cc(340)] could not read dos header from C:\Windows\system32\GDI32.dll
[0312/235224.231:ERROR:process_memory_win.cc(73)] ReadMemory at 0x7ffaebf90000 of 64 bytes failed: Somente uma parte de um pedido ReadProcessMemory ou WriteProcessMemory foi concluída. (0x12B)
[0312/235224.232:WARNING:pe_image_reader.cc(340)] could not read dos header from C:\Windows\system32\IMM32.DLL
[0312/235224.232:ERROR:process_memory_win.cc(73)] ReadMemory at 0xbbd2ef0000 of 64 bytes failed: Somente uma parte de um pedido ReadProcessMemory ou WriteProcessMemory foi concluída. (0x12B)
[0312/235224.232:WARNING:pe_image_reader.cc(340)] could not read dos header from C:\Windows\system32\MSCTF.dll
[0312/235224.233:ERROR:process_memory_win.cc(73)] ReadMemory at 0x7ffae6180000 of 64 bytes failed: Somente uma parte de um pedido ReadProcessMemory ou WriteProcessMemory foi concluída. (0x12B)
[0312/235224.233:WARNING:pe_image_reader.cc(340)] could not read dos header from C:\Windows\SYSTEM32\ntmarta.dll
[0312/235224.233:ERROR:process_memory_win.cc(73)] ReadMemory at 0x7ffacd6d0000 of 64 bytes failed: Somente uma parte de um pedido ReadProcessMemory ou WriteProcessMemory foi concluída. (0x12B)
[0312/235224.233:WARNING:pe_image_reader.cc(340)] could not read dos header from C:\Program Files\Diebold\Warsaw\wslbhte64.dll
[0312/235224.234:ERROR:process_memory_win.cc(73)] ReadMemory at 0x7ffaebd60000 of 64 bytes failed: Somente uma parte de um pedido ReadProcessMemory ou WriteProcessMemory foi concluída. (0x12B)
[0312/235224.234:WARNING:pe_image_reader.cc(340)] could not read dos header from C:\Windows\system32\CRYPT32.dll
[0312/235224.234:ERROR:process_memory_win.cc(73)] ReadMemory at 0x7ffaebb10000 of 64 bytes failed: Somente uma parte de um pedido ReadProcessMemory ou WriteProcessMemory foi concluída. (0x12B)
[0312/235224.234:WARNING:pe_image_reader.cc(340)] could not read dos header from C:\Windows\system32\MSASN1.dll
[0312/235224.234:ERROR:process_memory_win.cc(73)] ReadMemory at 0x7ffab5cd0000 of 64 bytes failed: Somente uma parte de um pedido ReadProcessMemory ou WriteProcessMemory foi concluída. (0x12B)
[0312/235224.234:WARNING:pe_image_reader.cc(340)] could not read dos header from C:\Program Files (x86)\Google\Chrome\Application\80.0.3987.132\chrome.dll
[0312/235224.234:ERROR:process_memory_win.cc(73)] ReadMemory at 0x7ffae6d70000 of 64 bytes failed: Somente uma parte de um pedido ReadProcessMemory ou WriteProcessMemory foi concluída. (0x12B)
[0312/235224.235:WARNING:pe_image_reader.cc(340)] could not read dos header from C:\Windows\SYSTEM32\IPHLPAPI.DLL
[0312/235224.235:ERROR:process_memory_win.cc(73)] ReadMemory at 0x7ffaec600000 of 64 bytes failed: Somente uma parte de um pedido ReadProcessMemory ou WriteProcessMemory foi concluída. (0x12B)
[0312/235224.235:WARNING:pe_image_reader.cc(340)] could not read dos header from C:\Windows\system32\OLEAUT32.dll
[0312/235224.235:ERROR:process_memory_win.cc(73)] ReadMemory at 0x7ffad3470000 of 64 bytes failed: Somente uma parte de um pedido ReadProcessMemory ou WriteProcessMemory foi concluída. (0x12B)
[0312/235224.235:WARNING:pe_image_reader.cc(340)] could not read dos header from C:\Windows\SYSTEM32\WINMM.dll
[0312/235224.235:ERROR:process_memory_win.cc(73)] ReadMemory at 0x7ffaded60000 of 64 bytes failed: Somente uma parte de um pedido ReadProcessMemory ou WriteProcessMemory foi concluída. (0x12B)
[0312/235224.235:WARNING:pe_image_reader.cc(340)] could not read dos header from C:\Windows\SYSTEM32\Secur32.dll
[0312/235224.236:ERROR:process_memory_win.cc(73)] ReadMemory at 0x7ffaeb080000 of 64 bytes failed: Somente uma parte de um pedido ReadProcessMemory ou WriteProcessMemory foi concluída. (0x12B)
[0312/235224.236:WARNING:pe_image_reader.cc(340)] could not read dos header from C:\Windows\SYSTEM32\USERENV.dll
[0312/235224.236:ERROR:process_memory_win.cc(73)] ReadMemory at 0xbbd31f0000 of 64 bytes failed: Somente uma parte de um pedido ReadProcessMemory ou WriteProcessMemory foi concluída. (0x12B)
[0312/235224.236:WARNING:pe_image_reader.cc(340)] could not read dos header from C:\Windows\system32\WINTRUST.dll
[0312/235224.236:ERROR:process_memory_win.cc(73)] ReadMemory at 0x7ffae29c0000 of 64 bytes failed: Somente uma parte de um pedido ReadProcessMemory ou WriteProcessMemory foi concluída. (0x12B)
[0312/235224.236:WARNING:pe_image_reader.cc(340)] could not read dos header from C:\Windows\SYSTEM32\UIAutomationCore.DLL
[0312/235224.236:ERROR:process_memory_win.cc(73)] ReadMemory at 0x7ffae7b20000 of 64 bytes failed: Somente uma parte de um pedido ReadProcessMemory ou WriteProcessMemory foi concluída. (0x12B)
[0312/235224.236:WARNING:pe_image_reader.cc(340)] could not read dos header from C:\Windows\SYSTEM32\DWrite.dll
[0312/235224.237:ERROR:process_memory_win.cc(73)] ReadMemory at 0x7ffad33e0000 of 64 bytes failed: Somente uma parte de um pedido ReadProcessMemory ou WriteProcessMemory foi concluída. (0x12B)
[0312/235224.237:WARNING:pe_image_reader.cc(340)] could not read dos header from C:\Windows\SYSTEM32\WINSPOOL.DRV
[0312/235224.237:ERROR:process_memory_win.cc(73)] ReadMemory at 0x7ffae4810000 of 64 bytes failed: Somente uma parte de um pedido ReadProcessMemory ou WriteProcessMemory foi concluída. (0x12B)
[0312/235224.237:WARNING:pe_image_reader.cc(340)] could not read dos header from C:\Windows\SYSTEM32\dbghelp.dll
[0312/235224.237:ERROR:process_memory_win.cc(73)] ReadMemory at 0x7ffae5010000 of 64 bytes failed: Somente uma parte de um pedido ReadProcessMemory ou WriteProcessMemory foi concluída. (0x12B)
[0312/235224.237:WARNING:pe_image_reader.cc(340)] could not read dos header from C:\Windows\SYSTEM32\WINHTTP.dll
[0312/235224.237:ERROR:process_memory_win.cc(73)] ReadMemory at 0x7ffae6970000 of 64 bytes failed: Somente uma parte de um pedido ReadProcessMemory ou WriteProcessMemory foi concluída. (0x12B)
[0312/235224.238:WARNING:pe_image_reader.cc(340)] could not read dos header from C:\Windows\SYSTEM32\dhcpcsvc.DLL
[0312/235224.238:ERROR:process_memory_win.cc(73)] ReadMemory at 0x7ffae6d50000 of 64 bytes failed: Somente uma parte de um pedido ReadProcessMemory ou WriteProcessMemory foi concluída. (0x12B)
[0312/235224.238:WARNING:pe_image_reader.cc(340)] could not read dos header from C:\Windows\SYSTEM32\WINNSI.DLL
[0312/235224.238:ERROR:process_memory_win.cc(73)] ReadMemory at 0x7ffaebfd0000 of 64 bytes failed: Somente uma parte de um pedido ReadProcessMemory ou WriteProcessMemory foi concluída. (0x12B)
[0312/235224.238:WARNING:pe_image_reader.cc(340)] could not read dos header from C:\Windows\system32\combase.dll
[0312/235224.238:ERROR:process_memory_win.cc(73)] ReadMemory at 0x7ffad33b0000 of 64 bytes failed: Somente uma parte de um pedido ReadProcessMemory ou WriteProcessMemory foi concluída. (0x12B)
[0312/235224.238:WARNING:pe_image_reader.cc(340)] could not read dos header from C:\Windows\SYSTEM32\WINMMBASE.dll
[0312/235224.238:ERROR:process_memory_win.cc(73)] ReadMemory at 0x7ffaeba60000 of 64 bytes failed: Somente uma parte de um pedido ReadProcessMemory ou WriteProcessMemory foi concluída. (0x12B)
[0312/235224.239:WARNING:pe_image_reader.cc(340)] could not read dos header from C:\Windows\SYSTEM32\profapi.dll
[0312/235224.239:ERROR:process_memory_win.cc(73)] ReadMemory at 0x7ffaebf40000 of 64 bytes failed: Somente uma parte de um pedido ReadProcessMemory ou WriteProcessMemory foi concluída. (0x12B)
[0312/235224.239:WARNING:pe_image_reader.cc(340)] could not read dos header from C:\Windows\SYSTEM32\cfgmgr32.dll
[0312/235224.239:ERROR:process_memory_win.cc(73)] ReadMemory at 0x7ffaea860000 of 64 bytes failed: Somente uma parte de um pedido ReadProcessMemory ou WriteProcessMemory foi concluída. (0x12B)
[0312/235224.239:WARNING:pe_image_reader.cc(340)] could not read dos header from C:\Windows\SYSTEM32\DEVOBJ.dll
[0312/235224.239:ERROR:process_memory_win.cc(73)] ReadMemory at 0x7ffaeb900000 of 64 bytes failed: Somente uma parte de um pedido ReadProcessMemory ou WriteProcessMemory foi concluída. (0x12B)
[0312/235224.239:WARNING:pe_image_reader.cc(340)] could not read dos header from C:\Windows\SYSTEM32\SSPICLI.DLL
[0312/235224.240:ERROR:process_memory_win.cc(73)] ReadMemory at 0x7ffaec860000 of 64 bytes failed: Somente uma parte de um pedido ReadProcessMemory ou WriteProcessMemory foi concluída. (0x12B)
[0312/235224.240:WARNING:pe_image_reader.cc(340)] could not read dos header from C:\Windows\system32\ole32.dll
[0312/235224.240:ERROR:process_memory_win.cc(73)] ReadMemory at 0x7ffaeb9a0000 of 64 bytes failed: Somente uma parte de um pedido ReadProcessMemory ou WriteProcessMemory foi concluída. (0x12B)
[0312/235224.240:WARNING:pe_image_reader.cc(340)] could not read dos header from C:\Windows\SYSTEM32\CRYPTBASE.DLL
[0312/235224.240:ERROR:process_memory_win.cc(73)] ReadMemory at 0x7ffaeb930000 of 64 bytes failed: Somente uma parte de um pedido ReadProcessMemory ou WriteProcessMemory foi concluída. (0x12B)
[0312/235224.240:WARNING:pe_image_reader.cc(340)] could not read dos header from C:\Windows\SYSTEM32\bcryptPrimitives.dll
[0312/235224.462:ERROR:process_memory_win.cc(73)] ReadMemory at 0xbbd2aad000 of 77824 bytes failed: Somente uma parte de um pedido ReadProcessMemory ou WriteProcessMemory foi concluída. (0x12B)
[0312/235224.462:ERROR:process_memory_win.cc(73)] ReadMemory at 0xbbd583d000 of 12288 bytes failed: Somente uma parte de um pedido ReadProcessMemory ou WriteProcessMemory foi concluída. (0x12B)
[0312/235224.462:ERROR:process_memory_win.cc(73)] ReadMemory at 0xbbd683d000 of 12288 bytes failed: Somente uma parte de um pedido ReadProcessMemory ou WriteProcessMemory foi concluída. (0x12B)
[0312/235224.462:ERROR:process_memory_win.cc(73)] ReadMemory at 0xbbd703b000 of 20480 bytes failed: Somente uma parte de um pedido ReadProcessMemory ou WriteProcessMemory foi concluída. (0x12B)
[0312/235224.462:ERROR:process_memory_win.cc(73)] ReadMemory at 0xbbd783e000 of 8192 bytes failed: Somente uma parte de um pedido ReadProcessMemory ou WriteProcessMemory foi concluída. (0x12B)
[0312/235224.463:ERROR:process_memory_win.cc(73)] ReadMemory at 0xbbd803d000 of 12288 bytes failed: Somente uma parte de um pedido ReadProcessMemory ou WriteProcessMemory foi concluída. (0x12B)
[0312/235224.463:ERROR:process_memory_win.cc(73)] ReadMemory at 0xbbd8a3b000 of 20480 bytes failed: Somente uma parte de um pedido ReadProcessMemory ou WriteProcessMemory foi concluída. (0x12B)
[0312/235224.463:ERROR:process_memory_win.cc(73)] ReadMemory at 0xbbda23d000 of 12288 bytes failed: Somente uma parte de um pedido ReadProcessMemory ou WriteProcessMemory foi concluída. (0x12B)
[0312/235224.463:ERROR:process_memory_win.cc(73)] ReadMemory at 0xbbdac36000 of 40960 bytes failed: Somente uma parte de um pedido ReadProcessMemory ou WriteProcessMemory foi concluída. (0x12B)
[0312/235224.463:ERROR:process_memory_win.cc(73)] ReadMemory at 0xbbdb43c000 of 16384 bytes failed: Somente uma parte de um pedido ReadProcessMemory ou WriteProcessMemory foi concluída. (0x12B)
[0312/235224.463:ERROR:process_memory_win.cc(73)] ReadMemory at 0xbbe1d6d000 of 12288 bytes failed: Somente uma parte de um pedido ReadProcessMemory ou WriteProcessMemory foi concluída. (0x12B)
[0312/235224.463:ERROR:process_memory_win.cc(73)] ReadMemory at 0xbbd6036000 of 40960 bytes failed: Somente uma parte de um pedido ReadProcessMemory ou WriteProcessMemory foi concluída. (0x12B)
[0312/235224.464:ERROR:process_memory_win.cc(73)] ReadMemory at 0xbbdbc3d000 of 12288 bytes failed: Somente uma parte de um pedido ReadProcessMemory ou WriteProcessMemory foi concluída. (0x12B)
[0312/235224.464:ERROR:process_memory_win.cc(73)] ReadMemory at 0xbbdfd0d000 of 12288 bytes failed: Somente uma parte de um pedido ReadProcessMemory ou WriteProcessMemory foi concluída. (0x12B)
[0312/235224.464:ERROR:process_memory_win.cc(73)] ReadMemory at 0xbbf046e000 of 8192 bytes failed: Somente uma parte de um pedido ReadProcessMemory ou WriteProcessMemory foi concluída. (0x12B)
[0312/235224.464:ERROR:process_memory_win.cc(73)] ReadMemory at 0xbbd2b40000 of 384 bytes failed: Somente uma parte de um pedido ReadProcessMemory ou WriteProcessMemory foi concluída. (0x12B)
[0312/235224.511:ERROR:process_memory_win.cc(73)] ReadMemory at 0xbbd2b40860 of 15040 bytes failed: Somente uma parte de um pedido ReadProcessMemory ou WriteProcessMemory foi concluída. (0x12B)
[0312/235224.511:ERROR:process_memory_win.cc(73)] ReadMemory at 0xbbd2b44330 of 1012 bytes failed: Somente uma parte de um pedido ReadProcessMemory ou WriteProcessMemory foi concluída. (0x12B)
[0312/235224.511:ERROR:process_memory_win.cc(73)] ReadMemory at 0xbbd2b44948 of 118 bytes failed: Somente uma parte de um pedido ReadProcessMemory ou WriteProcessMemory foi concluída. (0x12B)
[0312/235224.512:ERROR:process_memory_win.cc(73)] ReadMemory at 0xbbd2b449c0 of 678 bytes failed: Somente uma parte de um pedido ReadProcessMemory ou WriteProcessMemory foi concluída. (0x12B)
[0312/235224.512:ERROR:process_memory_win.cc(73)] ReadMemory at 0xbbd2b44c68 of 118 bytes failed: Somente uma parte de um pedido ReadProcessMemory ou WriteProcessMemory foi concluída. (0x12B)
[0312/235224.512:ERROR:process_memory_win.cc(73)] ReadMemory at 0xbbd2b44ce0 of 96 bytes failed: Somente uma parte de um pedido ReadProcessMemory ou WriteProcessMemory foi concluída. (0x12B)
[0312/235224.513:ERROR:process_memory_win.cc(73)] ReadMemory at 0xbbd2b44d50 of 58 bytes failed: Somente uma parte de um pedido ReadProcessMemory ou WriteProcessMemory foi concluída. (0x12B)
[0312/235224.513:ERROR:process_memory_win.cc(73)] ReadMemory at 0xbbd2b44e50 of 132 bytes failed: Somente uma parte de um pedido ReadProcessMemory ou WriteProcessMemory foi concluída. (0x12B)
[0312/235224.513:ERROR:process_memory_win.cc(73)] ReadMemory at 0xbbd2b44fd0 of 132 bytes failed: Somente uma parte de um pedido ReadProcessMemory ou WriteProcessMemory foi concluída. (0x12B)
[0312/235224.513:ERROR:process_memory_win.cc(73)] ReadMemory at 0xbbd2b451e0 of 126 bytes failed: Somente uma parte de um pedido ReadProcessMemory ou WriteProcessMemory foi concluída. (0x12B)
[0312/235224.514:ERROR:process_memory_win.cc(73)] ReadMemory at 0xbbd2b45930 of 64 bytes failed: Somente uma parte de um pedido ReadProcessMemory ou WriteProcessMemory foi concluída. (0x12B)
[0312/235224.514:ERROR:process_memory_win.cc(73)] ReadMemory at 0xbbd2b45ae0 of 132 bytes failed: Somente uma parte de um pedido ReadProcessMemory ou WriteProcessMemory foi concluída. (0x12B)
[0312/235224.514:ERROR:process_memory_win.cc(73)] ReadMemory at 0xbbd2b45e80 of 68 bytes failed: Somente uma parte de um pedido ReadProcessMemory ou WriteProcessMemory foi concluída. (0x12B)
[0312/235224.515:ERROR:process_memory_win.cc(73)] ReadMemory at 0xbbd2b45ed0 of 132 bytes failed: Somente uma parte de um pedido ReadProcessMemory ou WriteProcessMemory foi concluída. (0x12B)
[0312/235224.515:ERROR:process_memory_win.cc(73)] ReadMemory at 0xbbd2b4cd50 of 154 bytes failed: Somente uma parte de um pedido ReadProcessMemory ou WriteProcessMemory foi concluída. (0x12B)
[0312/235224.515:ERROR:process_memory_win.cc(73)] ReadMemory at 0xbbd2b4ce00 of 132 bytes failed: Somente uma parte de um pedido ReadProcessMemory ou WriteProcessMemory foi concluída. (0x12B)
[0312/235224.515:ERROR:process_memory_win.cc(73)] ReadMemory at 0xbbd2b4cf20 of 132 bytes failed: Somente uma parte de um pedido ReadProcessMemory ou WriteProcessMemory foi concluída. (0x12B)
[0312/235224.516:ERROR:process_memory_win.cc(73)] ReadMemory at 0xbbd2b4d740 of 132 bytes failed: Somente uma parte de um pedido ReadProcessMemory ou WriteProcessMemory foi concluída. (0x12B)
[0312/235224.516:ERROR:process_memory_win.cc(73)] ReadMemory at 0xbbd2b4d860 of 132 bytes failed: Somente uma parte de um pedido ReadProcessMemory ou WriteProcessMemory foi concluída. (0x12B)
[0312/235224.516:ERROR:process_memory_win.cc(73)] ReadMemory at 0xbbd2b4dba0 of 132 bytes failed: Somente uma parte de um pedido ReadProcessMemory ou WriteProcessMemory foi concluída. (0x12B)
[0312/235224.516:ERROR:process_memory_win.cc(73)] ReadMemory at 0xbbd2b4eb90 of 90 bytes failed: Somente uma parte de um pedido ReadProcessMemory ou WriteProcessMemory foi concluída. (0x12B)
[0312/235224.517:ERROR:process_memory_win.cc(73)] ReadMemory at 0xbbd2b4f620 of 54 bytes failed: Somente uma parte de um pedido ReadProcessMemory ou WriteProcessMemory foi concluída. (0x12B)
[0312/235224.517:ERROR:process_memory_win.cc(73)] ReadMemory at 0xbbd2b507b0 of 60 bytes failed: Somente uma parte de um pedido ReadProcessMemory ou WriteProcessMemory foi concluída. (0x12B)
[0312/235224.517:ERROR:process_memory_win.cc(73)] ReadMemory at 0xbbd2b508f0 of 64 bytes failed: Somente uma parte de um pedido ReadProcessMemory ou WriteProcessMemory foi concluída. (0x12B)
[0312/235224.517:ERROR:process_memory_win.cc(73)] ReadMemory at 0xbbd2b50b20 of 62 bytes failed: Somente uma parte de um pedido ReadProcessMemory ou WriteProcessMemory foi concluída. (0x12B)
[0312/235224.518:ERROR:process_memory_win.cc(73)] ReadMemory at 0xbbd2b50b70 of 62 bytes failed: Somente uma parte de um pedido ReadProcessMemory ou WriteProcessMemory foi concluída. (0x12B)
[0312/235224.518:ERROR:process_memory_win.cc(73)] ReadMemory at 0xbbd2b50c60 of 60 bytes failed: Somente uma parte de um pedido ReadProcessMemory ou WriteProcessMemory foi concluída. (0x12B)
[0312/235224.518:ERROR:process_memory_win.cc(73)] ReadMemory at 0xbbd2b50cb0 of 60 bytes failed: Somente uma parte de um pedido ReadProcessMemory ou WriteProcessMemory foi concluída. (0x12B)
[0312/235224.518:ERROR:process_memory_win.cc(73)] ReadMemory at 0xbbd2b50d00 of 60 bytes failed: Somente uma parte de um pedido ReadProcessMemory ou WriteProcessMemory foi concluída. (0x12B)
[0312/235224.519:ERROR:process_memory_win.cc(73)] ReadMemory at 0xbbd2b50da0 of 58 bytes failed: Somente uma parte de um pedido ReadProcessMemory ou WriteProcessMemory foi concluída. (0x12B)
[0312/235224.519:ERROR:process_memory_win.cc(73)] ReadMemory at 0xbbd2b50e40 of 58 bytes failed: Somente uma parte de um pedido ReadProcessMemory ou WriteProcessMemory foi concluída. (0x12B)
[0312/235224.519:ERROR:process_memory_win.cc(73)] ReadMemory at 0xbbd2b50e90 of 58 bytes failed: Somente uma parte de um pedido ReadProcessMemory ou WriteProcessMemory foi concluída. (0x12B)
[0312/235224.519:ERROR:process_memory_win.cc(73)] ReadMemory at 0xbbd2b52c80 of 132 bytes failed: Somente uma parte de um pedido ReadProcessMemory ou WriteProcessMemory foi concluída. (0x12B)
[0312/235224.520:ERROR:process_memory_win.cc(73)] ReadMemory at 0xbbd2b52da0 of 132 bytes failed: Somente uma parte de um pedido ReadProcessMemory ou WriteProcessMemory foi concluída. (0x12B)
[0312/235224.520:ERROR:process_memory_win.cc(73)] ReadMemory at 0xbbd2b52f30 of 90 bytes failed: Somente uma parte de um pedido ReadProcessMemory ou WriteProcessMemory foi concluída. (0x12B)
[0312/235224.520:ERROR:process_memory_win.cc(73)] ReadMemory at 0xbbd2b52fa0 of 132 bytes failed: Somente uma parte de um pedido ReadProcessMemory ou WriteProcessMemory foi concluída. (0x12B)
[0312/235224.521:ERROR:process_memory_win.cc(73)] ReadMemory at 0xbbd2b530c0 of 132 bytes failed: Somente uma parte de um pedido ReadProcessMemory ou WriteProcessMemory foi concluída. (0x12B)
[0312/235224.521:ERROR:process_memory_win.cc(73)] ReadMemory at 0xbbd2b532a0 of 132 bytes failed: Somente uma parte de um pedido ReadProcessMemory ou WriteProcessMemory foi concluída. (0x12B)
[0312/235224.521:ERROR:process_memory_win.cc(73)] ReadMemory at 0xbbd2b534c0 of 132 bytes failed: Somente uma parte de um pedido ReadProcessMemory ou WriteProcessMemory foi concluída. (0x12B)
[0312/235224.521:ERROR:process_memory_win.cc(73)] ReadMemory at 0xbbd2b53d60 of 132 bytes failed: Somente uma parte de um pedido ReadProcessMemory ou WriteProcessMemory foi concluída. (0x12B)
[0312/235224.522:ERROR:process_memory_win.cc(73)] ReadMemory at 0xbbd2b53e80 of 132 bytes failed: Somente uma parte de um pedido ReadProcessMemory ou WriteProcessMemory foi concluída. (0x12B)
[0312/235224.522:ERROR:process_memory_win.cc(73)] ReadMemory at 0xbbd2b53fa0 of 132 bytes failed: Somente uma parte de um pedido ReadProcessMemory ou WriteProcessMemory foi concluída. (0x12B)
[0312/235224.522:ERROR:process_memory_win.cc(73)] ReadMemory at 0xbbd2b540c0 of 132 bytes failed: Somente uma parte de um pedido ReadProcessMemory ou WriteProcessMemory foi concluída. (0x12B)
[0312/235224.523:ERROR:process_memory_win.cc(73)] ReadMemory at 0xbbd2b541e0 of 132 bytes failed: Somente uma parte de um pedido ReadProcessMemory ou WriteProcessMemory foi concluída. (0x12B)
[0312/235224.523:ERROR:process_memory_win.cc(73)] ReadMemory at 0xbbd2b54300 of 132 bytes failed: Somente uma parte de um pedido ReadProcessMemory ou WriteProcessMemory foi concluída. (0x12B)
[0312/235224.523:ERROR:process_memory_win.cc(73)] ReadMemory at 0xbbd2b54420 of 132 bytes failed: Somente uma parte de um pedido ReadProcessMemory ou WriteProcessMemory foi concluída. (0x12B)
[0312/235224.523:ERROR:process_memory_win.cc(73)] ReadMemory at 0xbbd2b54540 of 132 bytes failed: Somente uma parte de um pedido ReadProcessMemory ou WriteProcessMemory foi concluída. (0x12B)
[0312/235224.524:ERROR:process_memory_win.cc(73)] ReadMemory at 0xbbd2b54660 of 132 bytes failed: Somente uma parte de um pedido ReadProcessMemory ou WriteProcessMemory foi concluída. (0x12B)
[0312/235224.524:ERROR:process_memory_win.cc(73)] ReadMemory at 0xbbd2b54780 of 132 bytes failed: Somente uma parte de um pedido ReadProcessMemory ou WriteProcessMemory foi concluída. (0x12B)
[0312/235224.524:ERROR:process_memory_win.cc(73)] ReadMemory at 0xbbd2b548a0 of 132 bytes failed: Somente uma parte de um pedido ReadProcessMemory ou WriteProcessMemory foi concluída. (0x12B)
[0312/235224.524:ERROR:process_memory_win.cc(73)] ReadMemory at 0xbbd2b549c0 of 132 bytes failed: Somente uma parte de um pedido ReadProcessMemory ou WriteProcessMemory foi concluída. (0x12B)
[0312/235224.525:ERROR:process_memory_win.cc(73)] ReadMemory at 0xbbd2b54ae0 of 132 bytes failed: Somente uma parte de um pedido ReadProcessMemory ou WriteProcessMemory foi concluída. (0x12B)
[0312/235224.525:ERROR:process_memory_win.cc(73)] ReadMemory at 0xbbd2b56300 of 62 bytes failed: Somente uma parte de um pedido ReadProcessMemory ou WriteProcessMemory foi concluída. (0x12B)
[0312/235224.525:ERROR:process_memory_win.cc(73)] ReadMemory at 0xbbd2b564e0 of 62 bytes failed: Somente uma parte de um pedido ReadProcessMemory ou WriteProcessMemory foi concluída. (0x12B)
[0312/235224.525:ERROR:process_memory_win.cc(73)] ReadMemory at 0xbbd2b568f0 of 64 bytes failed: Somente uma parte de um pedido ReadProcessMemory ou WriteProcessMemory foi concluída. (0x12B)
[0312/235224.526:ERROR:process_memory_win.cc(73)] ReadMemory at 0xbbd2b56940 of 64 bytes failed: Somente uma parte de um pedido ReadProcessMemory ou WriteProcessMemory foi concluída. (0x12B)
[0312/235224.526:ERROR:process_memory_win.cc(73)] ReadMemory at 0xbbd2b56ad0 of 62 bytes failed: Somente uma parte de um pedido ReadProcessMemory ou WriteProcessMemory foi concluída. (0x12B)
[0312/235224.526:ERROR:process_memory_win.cc(73)] ReadMemory at 0xbbd2b56b20 of 60 bytes failed: Somente uma parte de um pedido ReadProcessMemory ou WriteProcessMemory foi concluída. (0x12B)
[0312/235224.526:ERROR:process_memory_win.cc(73)] ReadMemory at 0xbbd2b56cb0 of 62 bytes failed: Somente uma parte de um pedido ReadProcessMemory ou WriteProcessMemory foi concluída. (0x12B)
[0312/235224.527:ERROR:process_memory_win.cc(73)] ReadMemory at 0xbbd2b56da0 of 58 bytes failed: Somente uma parte de um pedido ReadProcessMemory ou WriteProcessMemory foi concluída. (0x12B)
[0312/235224.527:ERROR:process_memory_win.cc(73)] ReadMemory at 0xbbd2b56ee0 of 64 bytes failed: Somente uma parte de um pedido ReadProcessMemory ou WriteProcessMemory foi concluída. (0x12B)
[0312/235224.527:ERROR:process_memory_win.cc(73)] ReadMemory at 0xbbd2b56f30 of 64 bytes failed: Somente uma parte de um pedido ReadProcessMemory ou WriteProcessMemory foi concluída. (0x12B)
[0312/235224.527:ERROR:process_memory_win.cc(73)] ReadMemory at 0xbbd2b56fd0 of 62 bytes failed: Somente uma parte de um pedido ReadProcessMemory ou WriteProcessMemory foi concluída. (0x12B)
[0312/235224.528:ERROR:process_memory_win.cc(73)] ReadMemory at 0xbbd2b57110 of 60 bytes failed: Somente uma parte de um pedido ReadProcessMemory ou WriteProcessMemory foi concluída. (0x12B)
[0312/235224.528:ERROR:process_memory_win.cc(73)] ReadMemory at 0xbbd2b57160 of 62 bytes failed: Somente uma parte de um pedido ReadProcessMemory ou WriteProcessMemory foi concluída. (0x12B)
[0312/235224.528:ERROR:process_memory_win.cc(73)] ReadMemory at 0xbbd2b64cd0 of 80 bytes failed: Somente uma parte de um pedido ReadProcessMemory ou WriteProcessMemory foi concluída. (0x12B)
[0312/235224.528:ERROR:process_memory_win.cc(73)] ReadMemory at 0xbbd2b65a30 of 146 bytes failed: Somente uma parte de um pedido ReadProcessMemory ou WriteProcessMemory foi concluída. (0x12B)
[0312/235224.529:ERROR:process_memory_win.cc(73)] ReadMemory at 0xbbd2b69460 of 132 bytes failed: Somente uma parte de um pedido ReadProcessMemory ou WriteProcessMemory foi concluída. (0x12B)
[0312/235224.529:ERROR:process_memory_win.cc(73)] ReadMemory at 0xbbd2b69580 of 132 bytes failed: Somente uma parte de um pedido ReadProcessMemory ou WriteProcessMemory foi concluída. (0x12B)
[0312/235224.529:ERROR:process_memory_win.cc(73)] ReadMemory at 0xbbd2b698e0 of 132 bytes failed: Somente uma parte de um pedido ReadProcessMemory ou WriteProcessMemory foi concluída. (0x12B)
[0312/235224.530:ERROR:process_memory_win.cc(73)] ReadMemory at 0xbbd2b69b20 of 132 bytes failed: Somente uma parte de um pedido ReadProcessMemory ou WriteProcessMemory foi concluída. (0x12B)
[0312/235224.530:ERROR:process_memory_win.cc(73)] ReadMemory at 0xbbd2b69fa0 of 132 bytes failed: Somente uma parte de um pedido ReadProcessMemory ou WriteProcessMemory foi concluída. (0x12B)
[0312/235224.530:ERROR:process_memory_win.cc(73)] ReadMemory at 0xbbd2b6a1e0 of 132 bytes failed: Somente uma parte de um pedido ReadProcessMemory ou WriteProcessMemory foi concluída. (0x12B)
[0312/235224.530:ERROR:process_memory_win.cc(73)] ReadMemory at 0xbbd2b6a300 of 132 bytes failed: Somente uma parte de um pedido ReadProcessMemory ou WriteProcessMemory foi concluída. (0x12B)
[0312/235224.531:ERROR:process_memory_win.cc(73)] ReadMemory at 0xbbd2b6a420 of 132 bytes failed: Somente uma parte de um pedido ReadProcessMemory ou WriteProcessMemory foi concluída. (0x12B)
[0312/235224.531:ERROR:process_memory_win.cc(73)] ReadMemory at 0xbbd2b6a540 of 132 bytes failed: Somente uma parte de um pedido ReadProcessMemory ou WriteProcessMemory foi concluída. (0x12B)
[0312/235224.531:ERROR:process_memory_win.cc(73)] ReadMemory at 0xbbd2b6a8a0 of 132 bytes failed: Somente uma parte de um pedido ReadProcessMemory ou WriteProcessMemory foi concluída. (0x12B)
[0312/235224.531:ERROR:process_memory_win.cc(73)] ReadMemory at 0xbbd2b6aae0 of 132 bytes failed: Somente uma parte de um pedido ReadProcessMemory ou WriteProcessMemory foi concluída. (0x12B)
[0312/235224.532:ERROR:process_memory_win.cc(73)] ReadMemory at 0xbbd2b6ac00 of 132 bytes failed: Somente uma parte de um pedido ReadProcessMemory ou WriteProcessMemory foi concluída. (0x12B)
[0312/235224.532:ERROR:process_memory_win.cc(73)] ReadMemory at 0xbbd2b6ae40 of 132 bytes failed: Somente uma parte de um pedido ReadProcessMemory ou WriteProcessMemory foi concluída. (0x12B)
[0312/235224.532:ERROR:process_memory_win.cc(73)] ReadMemory at 0xbbd2b6af60 of 132 bytes failed: Somente uma parte de um pedido ReadProcessMemory ou WriteProcessMemory foi concluída. (0x12B)
[0312/235224.532:ERROR:process_memory_win.cc(73)] ReadMemory at 0xbbd2b6b1a0 of 132 bytes failed: Somente uma parte de um pedido ReadProcessMemory ou WriteProcessMemory foi concluída. (0x12B)
[0312/235224.533:ERROR:process_memory_win.cc(73)] ReadMemory at 0xbbd2b6b2c0 of 132 bytes failed: Somente uma parte de um pedido ReadProcessMemory ou WriteProcessMemory foi concluída. (0x12B)
[0312/235224.533:ERROR:process_memory_win.cc(73)] ReadMemory at 0xbbd2b6b470 of 66 bytes failed: Somente uma parte de um pedido ReadProcessMemory ou WriteProcessMemory foi concluída. (0x12B)
[0312/235224.533:ERROR:process_memory_win.cc(73)] ReadMemory at 0xbbd2b6b830 of 66 bytes failed: Somente uma parte de um pedido ReadProcessMemory ou WriteProcessMemory foi concluída. (0x12B)
[0312/235224.534:ERROR:process_memory_win.cc(73)] ReadMemory at 0xbbd2b6bab0 of 64 bytes failed: Somente uma parte de um pedido ReadProcessMemory ou WriteProcessMemory foi concluída. (0x12B)
[0312/235224.534:ERROR:process_memory_win.cc(73)] ReadMemory at 0xbbd2b6bba0 of 62 bytes failed: Somente uma parte de um pedido ReadProcessMemory ou WriteProcessMemory foi concluída. (0x12B)
[0312/235224.534:ERROR:process_memory_win.cc(73)] ReadMemory at 0xbbd2b6bc40 of 60 bytes failed: Somente uma parte de um pedido ReadProcessMemory ou WriteProcessMemory foi concluída. (0x12B)
[0312/235224.534:ERROR:process_memory_win.cc(73)] ReadMemory at 0xbbd2b6be20 of 60 bytes failed: Somente uma parte de um pedido ReadProcessMemory ou WriteProcessMemory foi concluída. (0x12B)
[0312/235224.535:ERROR:process_memory_win.cc(73)] ReadMemory at 0xbbd2b6be70 of 64 bytes failed: Somente uma parte de um pedido ReadProcessMemory ou WriteProcessMemory foi concluída. (0x12B)
[0312/235224.535:ERROR:process_memory_win.cc(73)] ReadMemory at 0xbbd2b6bf10 of 62 bytes failed: Somente uma parte de um pedido ReadProcessMemory ou WriteProcessMemory foi concluída. (0x12B)
[0312/235224.535:ERROR:process_memory_win.cc(73)] ReadMemory at 0xbbd2b6bf60 of 62 bytes failed: Somente uma parte de um pedido ReadProcessMemory ou WriteProcessMemory foi concluída. (0x12B)
[0312/235224.535:ERROR:process_memory_win.cc(73)] ReadMemory at 0xbbd2b6c050 of 58 bytes failed: Somente uma parte de um pedido ReadProcessMemory ou WriteProcessMemory foi concluída. (0x12B)
[0312/235224.535:ERROR:process_memory_win.cc(73)] ReadMemory at 0xbbd2b6d2e0 of 80 bytes failed: Somente uma parte de um pedido ReadProcessMemory ou WriteProcessMemory foi concluída. (0x12B)
[0312/235224.536:ERROR:process_memory_win.cc(73)] ReadMemory at 0xbbd2b78d20 of 512 bytes failed: Somente uma parte de um pedido ReadProcessMemory ou WriteProcessMemory foi concluída. (0x12B)
[0312/235224.536:ERROR:process_memory_win.cc(73)] ReadMemory at 0xbbd2b7ada0 of 512 bytes failed: Somente uma parte de um pedido ReadProcessMemory ou WriteProcessMemory foi concluída. (0x12B)
[0312/235224.536:ERROR:process_memory_win.cc(73)] ReadMemory at 0xbbd328c660 of 512 bytes failed: Somente uma parte de um pedido ReadProcessMemory ou WriteProcessMemory foi concluída. (0x12B)
[0312/235224.536:ERROR:process_memory_win.cc(73)] ReadMemory at 0xbbd32933e0 of 512 bytes failed: Somente uma parte de um pedido ReadProcessMemory ou WriteProcessMemory foi concluída. (0x12B)
[0312/235224.536:ERROR:process_memory_win.cc(73)] ReadMemory at 0xbbd3294c70 of 512 bytes failed: Somente uma parte de um pedido ReadProcessMemory ou WriteProcessMemory foi concluída. (0x12B)
[0312/235224.536:ERROR:process_memory_win.cc(73)] ReadMemory at 0xbbd3298290 of 512 bytes failed: Somente uma parte de um pedido ReadProcessMemory ou WriteProcessMemory foi concluída. (0x12B)
[0312/235224.537:ERROR:process_memory_win.cc(73)] ReadMemory at 0xbbd329f6d0 of 512 bytes failed: Somente uma parte de um pedido ReadProcessMemory ou WriteProcessMemory foi concluída. (0x12B)
[0312/235224.537:ERROR:process_memory_win.cc(73)] ReadMemory at 0xbbd32aa4e0 of 1024 bytes failed: Somente uma parte de um pedido ReadProcessMemory ou WriteProcessMemory foi concluída. (0x12B)
[0312/235224.537:ERROR:process_memory_win.cc(73)] ReadMemory at 0xbbd32eeec8 of 512 bytes failed: Somente uma parte de um pedido ReadProcessMemory ou WriteProcessMemory foi concluída. (0x12B)
[0312/235224.537:ERROR:process_memory_win.cc(73)] ReadMemory at 0xbbd3304780 of 512 bytes failed: Somente uma parte de um pedido ReadProcessMemory ou WriteProcessMemory foi concluída. (0x12B)
[0312/235224.537:ERROR:process_memory_win.cc(73)] ReadMemory at 0xbbd3326738 of 512 bytes failed: Somente uma parte de um pedido ReadProcessMemory ou WriteProcessMemory foi concluída. (0x12B)
[0312/235224.538:ERROR:process_memory_win.cc(73)] ReadMemory at 0xbbd8091730 of 512 bytes failed: Somente uma parte de um pedido ReadProcessMemory ou WriteProcessMemory foi concluída. (0x12B)
[0312/235224.538:ERROR:process_memory_win.cc(73)] ReadMemory at 0xbbd809dd70 of 512 bytes failed: Somente uma parte de um pedido ReadProcessMemory ou WriteProcessMemory foi concluída. (0x12B)
[0312/235224.538:ERROR:process_memory_win.cc(73)] ReadMemory at 0xbbd80a9870 of 512 bytes failed: Somente uma parte de um pedido ReadProcessMemory ou WriteProcessMemory foi concluída. (0x12B)
[0312/235224.538:ERROR:process_memory_win.cc(73)] ReadMemory at 0xbbd81eb620 of 512 bytes failed: Somente uma parte de um pedido ReadProcessMemory ou WriteProcessMemory foi concluída. (0x12B)
[0312/235224.538:ERROR:process_memory_win.cc(73)] ReadMemory at 0xbbd95772d8 of 512 bytes failed: Somente uma parte de um pedido ReadProcessMemory ou WriteProcessMemory foi concluída. (0x12B)
[0312/235224.538:ERROR:process_memory_win.cc(73)] ReadMemory at 0xbbd97101f0 of 512 bytes failed: Somente uma parte de um pedido ReadProcessMemory ou WriteProcessMemory foi concluída. (0x12B)
[0312/235224.539:ERROR:process_memory_win.cc(73)] ReadMemory at 0xbbdc61ceb0 of 512 bytes failed: Somente uma parte de um pedido ReadProcessMemory ou WriteProcessMemory foi concluída. (0x12B)
[0312/235224.539:ERROR:process_memory_win.cc(73)] ReadMemory at 0xbbdc987703 of 512 bytes failed: Somente uma parte de um pedido ReadProcessMemory ou WriteProcessMemory foi concluída. (0x12B)
[0312/235224.539:ERROR:process_memory_win.cc(73)] ReadMemory at 0xbbeeb2b650 of 512 bytes failed: Somente uma parte de um pedido ReadProcessMemory ou WriteProcessMemory foi concluída. (0x12B)
[0312/235224.539:ERROR:process_memory_win.cc(73)] ReadMemory at 0xbbef0f8d40 of 512 bytes failed: Somente uma parte de um pedido ReadProcessMemory ou WriteProcessMemory foi concluída. (0x12B)
[0312/235224.540:ERROR:process_memory_win.cc(73)] ReadMemory at 0xbbef2ddff0 of 512 bytes failed: Somente uma parte de um pedido ReadProcessMemory ou WriteProcessMemory foi concluída. (0x12B)
[0312/235224.540:ERROR:process_memory_win.cc(73)] ReadMemory at 0x3e324461ff80 of 512 bytes failed: Somente uma parte de um pedido ReadProcessMemory ou WriteProcessMemory foi concluída. (0x12B)
[0312/235224.540:ERROR:process_memory_win.cc(73)] ReadMemory at 0x3e3244781780 of 512 bytes failed: Somente uma parte de um pedido ReadProcessMemory ou WriteProcessMemory foi concluída. (0x12B)
[0312/235224.540:ERROR:process_memory_win.cc(73)] ReadMemory at 0x3e32447819c0 of 512 bytes failed: Somente uma parte de um pedido ReadProcessMemory ou WriteProcessMemory foi concluída. (0x12B)
[0312/235224.540:ERROR:process_memory_win.cc(73)] ReadMemory at 0x7760d41e22f0 of 512 bytes failed: Somente uma parte de um pedido ReadProcessMemory ou WriteProcessMemory foi concluída. (0x12B)
[0312/235224.541:ERROR:process_memory_win.cc(73)] ReadMemory at 0x7760d41e3770 of 512 bytes failed: Somente uma parte de um pedido ReadProcessMemory ou WriteProcessMemory foi concluída. (0x12B)
[0312/235224.541:ERROR:process_memory_win.cc(73)] ReadMemory at 0x7ff7db71e000 of 6024 bytes failed: Somente uma parte de um pedido ReadProcessMemory ou WriteProcessMemory foi concluída. (0x12B)
[0312/235224.541:ERROR:process_memory_win.cc(73)] ReadMemory at 0x7ff7db720000 of 6024 bytes failed: Somente uma parte de um pedido ReadProcessMemory ou WriteProcessMemory foi concluída. (0x12B)
[0312/235224.541:ERROR:process_memory_win.cc(73)] ReadMemory at 0x7ff7db722000 of 6024 bytes failed: Somente uma parte de um pedido ReadProcessMemory ou WriteProcessMemory foi concluída. (0x12B)
[0312/235224.542:ERROR:process_memory_win.cc(73)] ReadMemory at 0x7ff7db724000 of 6024 bytes failed: Somente uma parte de um pedido ReadProcessMemory ou WriteProcessMemory foi concluída. (0x12B)
[0312/235224.542:ERROR:process_memory_win.cc(73)] ReadMemory at 0x7ff7db726000 of 6024 bytes failed: Somente uma parte de um pedido ReadProcessMemory ou WriteProcessMemory foi concluída. (0x12B)
[0312/235224.542:ERROR:process_memory_win.cc(73)] ReadMemory at 0x7ff7db728000 of 6024 bytes failed: Somente uma parte de um pedido ReadProcessMemory ou WriteProcessMemory foi concluída. (0x12B)
[0312/235224.542:ERROR:process_memory_win.cc(73)] ReadMemory at 0x7ff7db72a000 of 6024 bytes failed: Somente uma parte de um pedido ReadProcessMemory ou WriteProcessMemory foi concluída. (0x12B)
[0312/235224.543:ERROR:process_memory_win.cc(73)] ReadMemory at 0x7ff7db72c000 of 6024 bytes failed: Somente uma parte de um pedido ReadProcessMemory ou WriteProcessMemory foi concluída. (0x12B)
[0312/235224.543:ERROR:process_memory_win.cc(73)] ReadMemory at 0x7ff7db72e000 of 6024 bytes failed: Somente uma parte de um pedido ReadProcessMemory ou WriteProcessMemory foi concluída. (0x12B)
[0312/235224.543:ERROR:process_memory_win.cc(73)] ReadMemory at 0x7ff7db853000 of 6024 bytes failed: Somente uma parte de um pedido ReadProcessMemory ou WriteProcessMemory foi concluída. (0x12B)
[0312/235224.543:ERROR:process_memory_win.cc(73)] ReadMemory at 0x7ff7db855000 of 6024 bytes failed: Somente uma parte de um pedido ReadProcessMemory ou WriteProcessMemory foi concluída. (0x12B)
[0312/235224.543:ERROR:process_memory_win.cc(73)] ReadMemory at 0x7ff7db857000 of 6024 bytes failed: Somente uma parte de um pedido ReadProcessMemory ou WriteProcessMemory foi concluída. (0x12B)
[0312/235224.544:ERROR:process_memory_win.cc(73)] ReadMemory at 0x7ff7db859000 of 6024 bytes failed: Somente uma parte de um pedido ReadProcessMemory ou WriteProcessMemory foi concluída. (0x12B)
[0312/235224.544:ERROR:process_memory_win.cc(73)] ReadMemory at 0x7ff7db85b000 of 6024 bytes failed: Somente uma parte de um pedido ReadProcessMemory ou WriteProcessMemory foi concluída. (0x12B)
[0312/235224.544:ERROR:process_memory_win.cc(73)] ReadMemory at 0x7ff7db85d000 of 6024 bytes failed: Somente uma parte de um pedido ReadProcessMemory ou WriteProcessMemory foi concluída. (0x12B)
[0312/235224.544:ERROR:process_memory_win.cc(73)] ReadMemory at 0x7ff7db85f000 of 852 bytes failed: Somente uma parte de um pedido ReadProcessMemory ou WriteProcessMemory foi concluída. (0x12B)
[0312/235224.545:ERROR:process_memory_win.cc(73)] ReadMemory at 0x7ffab5cd6356 of 512 bytes failed: Somente uma parte de um pedido ReadProcessMemory ou WriteProcessMemory foi concluída. (0x12B)
[0312/235224.545:ERROR:process_memory_win.cc(73)] ReadMemory at 0x7ffab92ba9a0 of 512 bytes failed: Somente uma parte de um pedido ReadProcessMemory ou WriteProcessMemory foi concluída. (0x12B)
[0312/235224.545:ERROR:process_memory_win.cc(73)] ReadMemory at 0x7ffabc3039f0 of 512 bytes failed: Somente uma parte de um pedido ReadProcessMemory ou WriteProcessMemory foi concluída. (0x12B)
[0312/235224.545:ERROR:process_memory_win.cc(73)] ReadMemory at 0x7ffabc4ad720 of 512 bytes failed: Somente uma parte de um pedido ReadProcessMemory ou WriteProcessMemory foi concluída. (0x12B)
[0312/235224.545:ERROR:process_memory_win.cc(73)] ReadMemory at 0x7ffabc6d0c70 of 512 bytes failed: Somente uma parte de um pedido ReadProcessMemory ou WriteProcessMemory foi concluída. (0x12B)
[0312/235224.545:ERROR:process_memory_win.cc(73)] ReadMemory at 0x7ffacd787a8d of 512 bytes failed: Somente uma parte de um pedido ReadProcessMemory ou WriteProcessMemory foi concluída. (0x12B)
[0312/235224.546:ERROR:process_memory_win.cc(73)] ReadMemory at 0x7ffacd788285 of 512 bytes failed: Somente uma parte de um pedido ReadProcessMemory ou WriteProcessMemory foi concluída. (0x12B)
[0312/235224.546:ERROR:process_memory_win.cc(73)] ReadMemory at 0x7ffaee9156c0 of 512 bytes failed: Somente uma parte de um pedido ReadProcessMemory ou WriteProcessMemory foi concluída. (0x12B)
[0312/235224.546:ERROR:process_memory_win.cc(73)] ReadMemory at 0x7ffaee919540 of 18 bytes failed: Somente uma parte de um pedido ReadProcessMemory ou WriteProcessMemory foi concluída. (0x12B)
[0312/235224.546:ERROR:process_memory_win.cc(73)] ReadMemory at 0x7ffaee92c710 of 512 bytes failed: Somente uma parte de um pedido ReadProcessMemory ou WriteProcessMemory foi concluída. (0x12B)
[0312/235224.546:ERROR:process_memory_win.cc(73)] ReadMemory at 0x7ffaee94a740 of 512 bytes failed: Somente uma parte de um pedido ReadProcessMemory ou WriteProcessMemory foi concluída. (0x12B)
[0312/235224.546:ERROR:process_memory_win.cc(73)] ReadMemory at 0x7ffaee9a119a of 592 bytes failed: Somente uma parte de um pedido ReadProcessMemory ou WriteProcessMemory foi concluída. (0x12B)
[0312/235224.547:ERROR:process_memory_win.cc(73)] ReadMemory at 0x7ffaee9a2c1a of 560 bytes failed: Somente uma parte de um pedido ReadProcessMemory ou WriteProcessMemory foi concluída. (0x12B)
[0312/235224.547:ERROR:process_memory_win.cc(73)] ReadMemory at 0x7ffaeea3d8a8 of 40 bytes failed: Somente uma parte de um pedido ReadProcessMemory ou WriteProcessMemory foi concluída. (0x12B)
[0312/235224.547:ERROR:process_memory_win.cc(73)] ReadMemory at 0x7ffaeea3dbe0 of 48 bytes failed: Somente uma parte de um pedido ReadProcessMemory ou WriteProcessMemory foi concluída. (0x12B)
[0312/235224.547:ERROR:process_memory_win.cc(73)] ReadMemory at 0x7ffaeea40320 of 64 bytes failed: Somente uma parte de um pedido ReadProcessMemory ou WriteProcessMemory foi concluída. (0x12B)
[0312/235224.559:ERROR:scoped_process_suspend.cc(40)] NtResumeProcess: Tentou-se acessar um processo de saída. (0xc000010a)
